<?xml version="1.0" encoding="UTF-8"?>
<!-- Generated by org.testng.reporters.JUnitReportReporter -->
<testsuite hostname="Bakhtiyoris-MBP" failures="0" tests="3" name="testng.SalesForce" time="76.143" errors="0" timestamp="2023-04-03T18:41:30 EDT" skipped="0">
  <testcase classname="testng.SalesForce" name="SalesForceLLoginNegativeTest" time="29.780"/>
  <system-out/>
  <testcase classname="testng.SalesForce" name="SalesForceLogin" time="30.332"/>
  <system-out/>
  <testcase classname="testng.SalesForce" name="SalesForceUrl" time="16.031"/>
  <system-out/>
</testsuite> <!-- testng.SalesForce -->
